95
1634
9570
1624
8995
3916
130
1730
7653
5987
9865
9683
7223
1871
1433
5148
8322
2585
7031
207
4373
1852
8482
1105
666
1528
1851
973
5783
4399
9871
8947
4112
8535
2464
6692
6457
6716
4792
5318
1676
4823
2435
9779
1831
4575
7286
6996
5160
8651
3775
9449
4348
1512
2864
8275
9303
2785
3451
860
9681
7915
9033
7796
6492
1725
2201
8979
3850
6875
5250
2847
6559
428
9412
6171
4906
7106
6756
2602
3606
3157
1338
9827
3385
6582
2080
9907
2375
1986
6789
1686
3286
1921
5473
1761
